<?xml version="1.0" encoding="UTF-8"?>
<!-- Generated by org.testng.reporters.JUnitReportReporter -->
<testsuite hostname="SREEGANGA-SS-18" failures="0" tests="1" name="first.Sampleee" time="0.017" errors="0" timestamp="2024-04-29T14:03:35 IST" skipped="0">
  <testcase classname="first.Sampleee" name="display" time="0.017"/>
  <system-out/>
</testsuite> <!-- first.Sampleee -->
