<?xml version="1.0" encoding="UTF-8"?>
<!-- Generated by org.testng.reporters.JUnitReportReporter -->
<testsuite hostname="SREEGANGA-SS-18" failures="0" tests="1" name="project.Login" time="8.911" errors="0" timestamp="2024-05-02T15:05:47 IST" skipped="0">
  <testcase classname="project.Login" name="loginPage" time="8.911"/>
  <system-out/>
</testsuite> <!-- project.Login -->
