<?xml version="1.0" encoding="UTF-8"?>
<!-- Generated by org.testng.reporters.JUnitReportReporter -->
<testsuite hostname="SREEGANGA-SS-18" failures="0" tests="1" name="testscript.LoginTest" time="8.476" errors="0" timestamp="2024-11-29T14:37:47 IST" skipped="0">
  <testcase classname="testscript.LoginTest" name="verifymethod" time="8.476"/>
  <system-out/>
</testsuite> <!-- testscript.LoginTest -->
